\BOOKMARK [0][-]{Doc-Start}{ABSTRACT}{}% 1
\BOOKMARK [0][-]{chapter.1}{Introduction}{}% 2
\BOOKMARK [0][-]{chapter.2}{Background information}{}% 3
\BOOKMARK [1][-]{section.2.1}{The Standard Model}{chapter.2}% 4
\BOOKMARK [2][-]{subsection.2.1.1}{The overview of the Standard Model}{section.2.1}% 5
\BOOKMARK [2][-]{subsection.2.1.2}{Limitations of the Standard Model}{section.2.1}% 6
\BOOKMARK [1][-]{section.2.2}{Supersymmetry}{chapter.2}% 7
\BOOKMARK [1][-]{section.2.3}{The ATLAS detector}{chapter.2}% 8
\BOOKMARK [2][-]{subsection.2.3.1}{ The ATLAS sub-detectors and trigger systems}{section.2.3}% 9
\BOOKMARK [0][-]{chapter.3}{Search for supersymmetry at the LHC}{}% 10
\BOOKMARK [1][-]{section.3.1}{Introduction}{chapter.3}% 11
\BOOKMARK [1][-]{section.3.2}{General search methods}{chapter.3}% 12
\BOOKMARK [1][-]{section.3.3}{Overview of background processes}{chapter.3}% 13
\BOOKMARK [1][-]{section.3.4}{Event selection and b-tagging}{chapter.3}% 14
\BOOKMARK [2][-]{subsection.3.4.1}{Event variables used in the analysis}{section.3.4}% 15
\BOOKMARK [1][-]{section.3.5}{Cut-and-count approach and test statistics}{chapter.3}% 16
\BOOKMARK [1][-]{section.3.6}{Computational tools}{chapter.3}% 17
\BOOKMARK [0][-]{chapter.4}{Determining signal regions}{}% 18
\BOOKMARK [1][-]{section.4.1}{First view}{chapter.4}% 19
\BOOKMARK [1][-]{section.4.2}{Applying cuts}{chapter.4}% 20
\BOOKMARK [2][-]{subsection.4.2.1}{Veto on all jets.}{section.4.2}% 21
\BOOKMARK [2][-]{subsection.4.2.2}{Veto on b-tagged jets.}{section.4.2}% 22
\BOOKMARK [2][-]{subsection.4.2.3}{Cuts in the same-flavour channel}{section.4.2}% 23
\BOOKMARK [2][-]{subsection.4.2.4}{Cuts in the different-flavour channel}{section.4.2}% 24
\BOOKMARK [2][-]{subsection.4.2.5}{Further investigation of the 200-150 signal}{section.4.2}% 25
\BOOKMARK [0][-]{chapter.5}{Conclusion}{}% 26
\BOOKMARK [0][-]{chapter.6}{Critical reflection}{}% 27
\BOOKMARK [0][-]{Item.3}{APPENDICES}{}% 28
